<?xml version="1.0" encoding="UTF-8"?>
<testsuite xmlns:xsi="http://www.w3.org/2001/XMLSchema-instance" xsi:noNamespaceSchemaLocation="https://maven.apache.org/surefire/maven-surefire-plugin/xsd/surefire-test-report.xsd" name="com.pet.PetWebApplicationTests" time="4.319" tests="1" errors="0" skipped="0" failures="0">
  <properties>
    <property name="sun.desktop" value="windows"/>
    <property name="awt.toolkit" value="sun.awt.windows.WToolkit"/>
    <property name="file.encoding.pkg" value="sun.io"/>
    <property name="java.specification.version" value="1.8"/>
    <property name="sun.cpu.isalist" value="amd64"/>
    <property name="sun.jnu.encoding" value="GBK"/>
    <property name="java.class.path" value="D:\IdeaProjects\pet-web\target\test-classes;D:\IdeaProjects\pet-web\target\classes;D:\mavenrep\org\springframework\boot\spring-boot-starter-web\2.4.2\spring-boot-starter-web-2.4.2.jar;D:\mavenrep\org\springframework\boot\spring-boot-starter\2.4.2\spring-boot-starter-2.4.2.jar;D:\mavenrep\org\springframework\boot\spring-boot-starter-logging\2.4.2\spring-boot-starter-logging-2.4.2.jar;D:\mavenrep\ch\qos\logback\logback-classic\1.2.3\logback-classic-1.2.3.jar;D:\mavenrep\ch\qos\logback\logback-core\1.2.3\logback-core-1.2.3.jar;D:\mavenrep\org\apache\logging\log4j\log4j-to-slf4j\2.13.3\log4j-to-slf4j-2.13.3.jar;D:\mavenrep\org\apache\logging\log4j\log4j-api\2.13.3\log4j-api-2.13.3.jar;D:\mavenrep\org\slf4j\jul-to-slf4j\1.7.30\jul-to-slf4j-1.7.30.jar;D:\mavenrep\jakarta\annotation\jakarta.annotation-api\1.3.5\jakarta.annotation-api-1.3.5.jar;D:\mavenrep\org\yaml\snakeyaml\1.27\snakeyaml-1.27.jar;D:\mavenrep\org\springframework\boot\spring-boot-starter-json\2.4.2\spring-boot-starter-json-2.4.2.jar;D:\mavenrep\com\fasterxml\jackson\core\jackson-databind\2.11.4\jackson-databind-2.11.4.jar;D:\mavenrep\com\fasterxml\jackson\core\jackson-annotations\2.11.4\jackson-annotations-2.11.4.jar;D:\mavenrep\com\fasterxml\jackson\core\jackson-core\2.11.4\jackson-core-2.11.4.jar;D:\mavenrep\com\fasterxml\jackson\datatype\jackson-datatype-jdk8\2.11.4\jackson-datatype-jdk8-2.11.4.jar;D:\mavenrep\com\fasterxml\jackson\datatype\jackson-datatype-jsr310\2.11.4\jackson-datatype-jsr310-2.11.4.jar;D:\mavenrep\com\fasterxml\jackson\module\jackson-module-parameter-names\2.11.4\jackson-module-parameter-names-2.11.4.jar;D:\mavenrep\org\springframework\boot\spring-boot-starter-tomcat\2.4.2\spring-boot-starter-tomcat-2.4.2.jar;D:\mavenrep\org\apache\tomcat\embed\tomcat-embed-core\9.0.41\tomcat-embed-core-9.0.41.jar;D:\mavenrep\org\glassfish\jakarta.el\3.0.3\jakarta.el-3.0.3.jar;D:\mavenrep\org\apache\tomcat\embed\tomcat-embed-websocket\9.0.41\tomcat-embed-websocket-9.0.41.jar;D:\mavenrep\org\springframework\spring-web\5.3.3\spring-web-5.3.3.jar;D:\mavenrep\org\springframework\spring-beans\5.3.3\spring-beans-5.3.3.jar;D:\mavenrep\org\springframework\spring-webmvc\5.3.3\spring-webmvc-5.3.3.jar;D:\mavenrep\org\springframework\spring-aop\5.3.3\spring-aop-5.3.3.jar;D:\mavenrep\org\springframework\spring-context\5.3.3\spring-context-5.3.3.jar;D:\mavenrep\org\springframework\spring-expression\5.3.3\spring-expression-5.3.3.jar;D:\mavenrep\org\springframework\boot\spring-boot-devtools\2.4.2\spring-boot-devtools-2.4.2.jar;D:\mavenrep\org\springframework\boot\spring-boot\2.4.2\spring-boot-2.4.2.jar;D:\mavenrep\org\springframework\boot\spring-boot-autoconfigure\2.4.2\spring-boot-autoconfigure-2.4.2.jar;D:\mavenrep\org\springframework\boot\spring-boot-configuration-processor\2.4.2\spring-boot-configuration-processor-2.4.2.jar;D:\mavenrep\org\springframework\boot\spring-boot-starter-test\2.4.2\spring-boot-starter-test-2.4.2.jar;D:\mavenrep\org\springframework\boot\spring-boot-test\2.4.2\spring-boot-test-2.4.2.jar;D:\mavenrep\org\springframework\boot\spring-boot-test-autoconfigure\2.4.2\spring-boot-test-autoconfigure-2.4.2.jar;D:\mavenrep\com\jayway\jsonpath\json-path\2.4.0\json-path-2.4.0.jar;D:\mavenrep\net\minidev\json-smart\2.3\json-smart-2.3.jar;D:\mavenrep\net\minidev\accessors-smart\1.2\accessors-smart-1.2.jar;D:\mavenrep\org\ow2\asm\asm\5.0.4\asm-5.0.4.jar;D:\mavenrep\org\slf4j\slf4j-api\1.7.30\slf4j-api-1.7.30.jar;D:\mavenrep\jakarta\xml\bind\jakarta.xml.bind-api\2.3.3\jakarta.xml.bind-api-2.3.3.jar;D:\mavenrep\jakarta\activation\jakarta.activation-api\1.2.2\jakarta.activation-api-1.2.2.jar;D:\mavenrep\org\assertj\assertj-core\3.18.1\assertj-core-3.18.1.jar;D:\mavenrep\org\hamcrest\hamcrest\2.2\hamcrest-2.2.jar;D:\mavenrep\org\junit\jupiter\junit-jupiter\5.7.0\junit-jupiter-5.7.0.jar;D:\mavenrep\org\junit\jupiter\junit-jupiter-api\5.7.0\junit-jupiter-api-5.7.0.jar;D:\mavenrep\org\apiguardian\apiguardian-api\1.1.0\apiguardian-api-1.1.0.jar;D:\mavenrep\org\opentest4j\opentest4j\1.2.0\opentest4j-1.2.0.jar;D:\mavenrep\org\junit\platform\junit-platform-commons\1.7.0\junit-platform-commons-1.7.0.jar;D:\mavenrep\org\junit\jupiter\junit-jupiter-params\5.7.0\junit-jupiter-params-5.7.0.jar;D:\mavenrep\org\junit\jupiter\junit-jupiter-engine\5.7.0\junit-jupiter-engine-5.7.0.jar;D:\mavenrep\org\junit\platform\junit-platform-engine\1.7.0\junit-platform-engine-1.7.0.jar;D:\mavenrep\org\mockito\mockito-core\3.6.28\mockito-core-3.6.28.jar;D:\mavenrep\net\bytebuddy\byte-buddy\1.10.19\byte-buddy-1.10.19.jar;D:\mavenrep\net\bytebuddy\byte-buddy-agent\1.10.19\byte-buddy-agent-1.10.19.jar;D:\mavenrep\org\objenesis\objenesis\3.1\objenesis-3.1.jar;D:\mavenrep\org\mockito\mockito-junit-jupiter\3.6.28\mockito-junit-jupiter-3.6.28.jar;D:\mavenrep\org\skyscreamer\jsonassert\1.5.0\jsonassert-1.5.0.jar;D:\mavenrep\com\vaadin\external\google\android-json\0.0.20131108.vaadin1\android-json-0.0.20131108.vaadin1.jar;D:\mavenrep\org\springframework\spring-core\5.3.3\spring-core-5.3.3.jar;D:\mavenrep\org\springframework\spring-jcl\5.3.3\spring-jcl-5.3.3.jar;D:\mavenrep\org\springframework\spring-test\5.3.3\spring-test-5.3.3.jar;D:\mavenrep\org\xmlunit\xmlunit-core\2.7.0\xmlunit-core-2.7.0.jar;D:\mavenrep\org\mybatis\spring\boot\mybatis-spring-boot-starter\2.1.4\mybatis-spring-boot-starter-2.1.4.jar;D:\mavenrep\org\springframework\boot\spring-boot-starter-jdbc\2.4.2\spring-boot-starter-jdbc-2.4.2.jar;D:\mavenrep\com\zaxxer\HikariCP\3.4.5\HikariCP-3.4.5.jar;D:\mavenrep\org\springframework\spring-jdbc\5.3.3\spring-jdbc-5.3.3.jar;D:\mavenrep\org\springframework\spring-tx\5.3.3\spring-tx-5.3.3.jar;D:\mavenrep\org\mybatis\spring\boot\mybatis-spring-boot-autoconfigure\2.1.4\mybatis-spring-boot-autoconfigure-2.1.4.jar;D:\mavenrep\org\mybatis\mybatis\3.5.6\mybatis-3.5.6.jar;D:\mavenrep\org\mybatis\mybatis-spring\2.0.6\mybatis-spring-2.0.6.jar;D:\mavenrep\tk\mybatis\mapper\4.1.5\mapper-4.1.5.jar;D:\mavenrep\javax\persistence\persistence-api\1.0\persistence-api-1.0.jar;D:\mavenrep\com\github\pagehelper\pagehelper-spring-boot-starter\1.2.12\pagehelper-spring-boot-starter-1.2.12.jar;D:\mavenrep\com\github\pagehelper\pagehelper-spring-boot-autoconfigure\1.2.12\pagehelper-spring-boot-autoconfigure-1.2.12.jar;D:\mavenrep\com\github\pagehelper\pagehelper\5.1.10\pagehelper-5.1.10.jar;D:\mavenrep\com\github\jsqlparser\jsqlparser\2.0\jsqlparser-2.0.jar;D:\mavenrep\mysql\mysql-connector-java\8.0.12\mysql-connector-java-8.0.12.jar;D:\mavenrep\javax\persistence\javax.persistence-api\2.2\javax.persistence-api-2.2.jar;D:\mavenrep\com\github\xiaoymin\knife4j-spring-boot-starter\2.0.2\knife4j-spring-boot-starter-2.0.2.jar;D:\mavenrep\com\github\xiaoymin\knife4j-spring-boot-autoconfigure\2.0.2\knife4j-spring-boot-autoconfigure-2.0.2.jar;D:\mavenrep\com\github\xiaoymin\knife4j-spring\2.0.2\knife4j-spring-2.0.2.jar;D:\mavenrep\com\github\xiaoymin\knife4j-annotations\2.0.2\knife4j-annotations-2.0.2.jar;D:\mavenrep\com\github\xiaoymin\knife4j-core\2.0.2\knife4j-core-2.0.2.jar;D:\mavenrep\org\javassist\javassist\3.25.0-GA\javassist-3.25.0-GA.jar;D:\mavenrep\io\swagger\swagger-models\1.5.22\swagger-models-1.5.22.jar;D:\mavenrep\io\swagger\swagger-annotations\1.5.22\swagger-annotations-1.5.22.jar;D:\mavenrep\io\springfox\springfox-swagger2\2.9.2\springfox-swagger2-2.9.2.jar;D:\mavenrep\io\springfox\springfox-spi\2.9.2\springfox-spi-2.9.2.jar;D:\mavenrep\io\springfox\springfox-core\2.9.2\springfox-core-2.9.2.jar;D:\mavenrep\io\springfox\springfox-schema\2.9.2\springfox-schema-2.9.2.jar;D:\mavenrep\io\springfox\springfox-swagger-common\2.9.2\springfox-swagger-common-2.9.2.jar;D:\mavenrep\io\springfox\springfox-spring-web\2.9.2\springfox-spring-web-2.9.2.jar;D:\mavenrep\com\google\guava\guava\20.0\guava-20.0.jar;D:\mavenrep\com\fasterxml\classmate\1.5.1\classmate-1.5.1.jar;D:\mavenrep\org\springframework\plugin\spring-plugin-core\1.2.0.RELEASE\spring-plugin-core-1.2.0.RELEASE.jar;D:\mavenrep\org\springframework\plugin\spring-plugin-metadata\1.2.0.RELEASE\spring-plugin-metadata-1.2.0.RELEASE.jar;D:\mavenrep\org\mapstruct\mapstruct\1.2.0.Final\mapstruct-1.2.0.Final.jar;D:\mavenrep\io\springfox\springfox-bean-validators\2.9.2\springfox-bean-validators-2.9.2.jar;D:\mavenrep\com\github\xiaoymin\knife4j-spring-ui\2.0.2\knife4j-spring-ui-2.0.2.jar;D:\mavenrep\com\alibaba\druid\1.1.8\druid-1.1.8.jar;"/>
    <property name="java.vm.vendor" value="Oracle Corporation"/>
    <property name="sun.arch.data.model" value="64"/>
    <property name="user.variant" value=""/>
    <property name="java.vendor.url" value="http://java.oracle.com/"/>
    <property name="user.timezone" value="Asia/Shanghai"/>
    <property name="java.vm.specification.version" value="1.8"/>
    <property name="os.name" value="Windows 10"/>
    <property name="user.country" value="CN"/>
    <property name="sun.java.launcher" value="SUN_STANDARD"/>
    <property name="sun.boot.library.path" value="D:\javajdk\jre\bin"/>
    <property name="sun.java.command" value="C:\Users\ADMINI~1\AppData\Local\Temp\surefire5164371858715879258\surefirebooter4761367079134767178.jar C:\Users\Administrator\AppData\Local\Temp\surefire5164371858715879258 2021-01-31T19-00-44_319-jvmRun1 surefire4169581515084442957tmp surefire_07524731952502837077tmp"/>
    <property name="surefire.test.class.path" value="D:\IdeaProjects\pet-web\target\test-classes;D:\IdeaProjects\pet-web\target\classes;D:\mavenrep\org\springframework\boot\spring-boot-starter-web\2.4.2\spring-boot-starter-web-2.4.2.jar;D:\mavenrep\org\springframework\boot\spring-boot-starter\2.4.2\spring-boot-starter-2.4.2.jar;D:\mavenrep\org\springframework\boot\spring-boot-starter-logging\2.4.2\spring-boot-starter-logging-2.4.2.jar;D:\mavenrep\ch\qos\logback\logback-classic\1.2.3\logback-classic-1.2.3.jar;D:\mavenrep\ch\qos\logback\logback-core\1.2.3\logback-core-1.2.3.jar;D:\mavenrep\org\apache\logging\log4j\log4j-to-slf4j\2.13.3\log4j-to-slf4j-2.13.3.jar;D:\mavenrep\org\apache\logging\log4j\log4j-api\2.13.3\log4j-api-2.13.3.jar;D:\mavenrep\org\slf4j\jul-to-slf4j\1.7.30\jul-to-slf4j-1.7.30.jar;D:\mavenrep\jakarta\annotation\jakarta.annotation-api\1.3.5\jakarta.annotation-api-1.3.5.jar;D:\mavenrep\org\yaml\snakeyaml\1.27\snakeyaml-1.27.jar;D:\mavenrep\org\springframework\boot\spring-boot-starter-json\2.4.2\spring-boot-starter-json-2.4.2.jar;D:\mavenrep\com\fasterxml\jackson\core\jackson-databind\2.11.4\jackson-databind-2.11.4.jar;D:\mavenrep\com\fasterxml\jackson\core\jackson-annotations\2.11.4\jackson-annotations-2.11.4.jar;D:\mavenrep\com\fasterxml\jackson\core\jackson-core\2.11.4\jackson-core-2.11.4.jar;D:\mavenrep\com\fasterxml\jackson\datatype\jackson-datatype-jdk8\2.11.4\jackson-datatype-jdk8-2.11.4.jar;D:\mavenrep\com\fasterxml\jackson\datatype\jackson-datatype-jsr310\2.11.4\jackson-datatype-jsr310-2.11.4.jar;D:\mavenrep\com\fasterxml\jackson\module\jackson-module-parameter-names\2.11.4\jackson-module-parameter-names-2.11.4.jar;D:\mavenrep\org\springframework\boot\spring-boot-starter-tomcat\2.4.2\spring-boot-starter-tomcat-2.4.2.jar;D:\mavenrep\org\apache\tomcat\embed\tomcat-embed-core\9.0.41\tomcat-embed-core-9.0.41.jar;D:\mavenrep\org\glassfish\jakarta.el\3.0.3\jakarta.el-3.0.3.jar;D:\mavenrep\org\apache\tomcat\embed\tomcat-embed-websocket\9.0.41\tomcat-embed-websocket-9.0.41.jar;D:\mavenrep\org\springframework\spring-web\5.3.3\spring-web-5.3.3.jar;D:\mavenrep\org\springframework\spring-beans\5.3.3\spring-beans-5.3.3.jar;D:\mavenrep\org\springframework\spring-webmvc\5.3.3\spring-webmvc-5.3.3.jar;D:\mavenrep\org\springframework\spring-aop\5.3.3\spring-aop-5.3.3.jar;D:\mavenrep\org\springframework\spring-context\5.3.3\spring-context-5.3.3.jar;D:\mavenrep\org\springframework\spring-expression\5.3.3\spring-expression-5.3.3.jar;D:\mavenrep\org\springframework\boot\spring-boot-devtools\2.4.2\spring-boot-devtools-2.4.2.jar;D:\mavenrep\org\springframework\boot\spring-boot\2.4.2\spring-boot-2.4.2.jar;D:\mavenrep\org\springframework\boot\spring-boot-autoconfigure\2.4.2\spring-boot-autoconfigure-2.4.2.jar;D:\mavenrep\org\springframework\boot\spring-boot-configuration-processor\2.4.2\spring-boot-configuration-processor-2.4.2.jar;D:\mavenrep\org\springframework\boot\spring-boot-starter-test\2.4.2\spring-boot-starter-test-2.4.2.jar;D:\mavenrep\org\springframework\boot\spring-boot-test\2.4.2\spring-boot-test-2.4.2.jar;D:\mavenrep\org\springframework\boot\spring-boot-test-autoconfigure\2.4.2\spring-boot-test-autoconfigure-2.4.2.jar;D:\mavenrep\com\jayway\jsonpath\json-path\2.4.0\json-path-2.4.0.jar;D:\mavenrep\net\minidev\json-smart\2.3\json-smart-2.3.jar;D:\mavenrep\net\minidev\accessors-smart\1.2\accessors-smart-1.2.jar;D:\mavenrep\org\ow2\asm\asm\5.0.4\asm-5.0.4.jar;D:\mavenrep\org\slf4j\slf4j-api\1.7.30\slf4j-api-1.7.30.jar;D:\mavenrep\jakarta\xml\bind\jakarta.xml.bind-api\2.3.3\jakarta.xml.bind-api-2.3.3.jar;D:\mavenrep\jakarta\activation\jakarta.activation-api\1.2.2\jakarta.activation-api-1.2.2.jar;D:\mavenrep\org\assertj\assertj-core\3.18.1\assertj-core-3.18.1.jar;D:\mavenrep\org\hamcrest\hamcrest\2.2\hamcrest-2.2.jar;D:\mavenrep\org\junit\jupiter\junit-jupiter\5.7.0\junit-jupiter-5.7.0.jar;D:\mavenrep\org\junit\jupiter\junit-jupiter-api\5.7.0\junit-jupiter-api-5.7.0.jar;D:\mavenrep\org\apiguardian\apiguardian-api\1.1.0\apiguardian-api-1.1.0.jar;D:\mavenrep\org\opentest4j\opentest4j\1.2.0\opentest4j-1.2.0.jar;D:\mavenrep\org\junit\platform\junit-platform-commons\1.7.0\junit-platform-commons-1.7.0.jar;D:\mavenrep\org\junit\jupiter\junit-jupiter-params\5.7.0\junit-jupiter-params-5.7.0.jar;D:\mavenrep\org\junit\jupiter\junit-jupiter-engine\5.7.0\junit-jupiter-engine-5.7.0.jar;D:\mavenrep\org\junit\platform\junit-platform-engine\1.7.0\junit-platform-engine-1.7.0.jar;D:\mavenrep\org\mockito\mockito-core\3.6.28\mockito-core-3.6.28.jar;D:\mavenrep\net\bytebuddy\byte-buddy\1.10.19\byte-buddy-1.10.19.jar;D:\mavenrep\net\bytebuddy\byte-buddy-agent\1.10.19\byte-buddy-agent-1.10.19.jar;D:\mavenrep\org\objenesis\objenesis\3.1\objenesis-3.1.jar;D:\mavenrep\org\mockito\mockito-junit-jupiter\3.6.28\mockito-junit-jupiter-3.6.28.jar;D:\mavenrep\org\skyscreamer\jsonassert\1.5.0\jsonassert-1.5.0.jar;D:\mavenrep\com\vaadin\external\google\android-json\0.0.20131108.vaadin1\android-json-0.0.20131108.vaadin1.jar;D:\mavenrep\org\springframework\spring-core\5.3.3\spring-core-5.3.3.jar;D:\mavenrep\org\springframework\spring-jcl\5.3.3\spring-jcl-5.3.3.jar;D:\mavenrep\org\springframework\spring-test\5.3.3\spring-test-5.3.3.jar;D:\mavenrep\org\xmlunit\xmlunit-core\2.7.0\xmlunit-core-2.7.0.jar;D:\mavenrep\org\mybatis\spring\boot\mybatis-spring-boot-starter\2.1.4\mybatis-spring-boot-starter-2.1.4.jar;D:\mavenrep\org\springframework\boot\spring-boot-starter-jdbc\2.4.2\spring-boot-starter-jdbc-2.4.2.jar;D:\mavenrep\com\zaxxer\HikariCP\3.4.5\HikariCP-3.4.5.jar;D:\mavenrep\org\springframework\spring-jdbc\5.3.3\spring-jdbc-5.3.3.jar;D:\mavenrep\org\springframework\spring-tx\5.3.3\spring-tx-5.3.3.jar;D:\mavenrep\org\mybatis\spring\boot\mybatis-spring-boot-autoconfigure\2.1.4\mybatis-spring-boot-autoconfigure-2.1.4.jar;D:\mavenrep\org\mybatis\mybatis\3.5.6\mybatis-3.5.6.jar;D:\mavenrep\org\mybatis\mybatis-spring\2.0.6\mybatis-spring-2.0.6.jar;D:\mavenrep\tk\mybatis\mapper\4.1.5\mapper-4.1.5.jar;D:\mavenrep\javax\persistence\persistence-api\1.0\persistence-api-1.0.jar;D:\mavenrep\com\github\pagehelper\pagehelper-spring-boot-starter\1.2.12\pagehelper-spring-boot-starter-1.2.12.jar;D:\mavenrep\com\github\pagehelper\pagehelper-spring-boot-autoconfigure\1.2.12\pagehelper-spring-boot-autoconfigure-1.2.12.jar;D:\mavenrep\com\github\pagehelper\pagehelper\5.1.10\pagehelper-5.1.10.jar;D:\mavenrep\com\github\jsqlparser\jsqlparser\2.0\jsqlparser-2.0.jar;D:\mavenrep\mysql\mysql-connector-java\8.0.12\mysql-connector-java-8.0.12.jar;D:\mavenrep\javax\persistence\javax.persistence-api\2.2\javax.persistence-api-2.2.jar;D:\mavenrep\com\github\xiaoymin\knife4j-spring-boot-starter\2.0.2\knife4j-spring-boot-starter-2.0.2.jar;D:\mavenrep\com\github\xiaoymin\knife4j-spring-boot-autoconfigure\2.0.2\knife4j-spring-boot-autoconfigure-2.0.2.jar;D:\mavenrep\com\github\xiaoymin\knife4j-spring\2.0.2\knife4j-spring-2.0.2.jar;D:\mavenrep\com\github\xiaoymin\knife4j-annotations\2.0.2\knife4j-annotations-2.0.2.jar;D:\mavenrep\com\github\xiaoymin\knife4j-core\2.0.2\knife4j-core-2.0.2.jar;D:\mavenrep\org\javassist\javassist\3.25.0-GA\javassist-3.25.0-GA.jar;D:\mavenrep\io\swagger\swagger-models\1.5.22\swagger-models-1.5.22.jar;D:\mavenrep\io\swagger\swagger-annotations\1.5.22\swagger-annotations-1.5.22.jar;D:\mavenrep\io\springfox\springfox-swagger2\2.9.2\springfox-swagger2-2.9.2.jar;D:\mavenrep\io\springfox\springfox-spi\2.9.2\springfox-spi-2.9.2.jar;D:\mavenrep\io\springfox\springfox-core\2.9.2\springfox-core-2.9.2.jar;D:\mavenrep\io\springfox\springfox-schema\2.9.2\springfox-schema-2.9.2.jar;D:\mavenrep\io\springfox\springfox-swagger-common\2.9.2\springfox-swagger-common-2.9.2.jar;D:\mavenrep\io\springfox\springfox-spring-web\2.9.2\springfox-spring-web-2.9.2.jar;D:\mavenrep\com\google\guava\guava\20.0\guava-20.0.jar;D:\mavenrep\com\fasterxml\classmate\1.5.1\classmate-1.5.1.jar;D:\mavenrep\org\springframework\plugin\spring-plugin-core\1.2.0.RELEASE\spring-plugin-core-1.2.0.RELEASE.jar;D:\mavenrep\org\springframework\plugin\spring-plugin-metadata\1.2.0.RELEASE\spring-plugin-metadata-1.2.0.RELEASE.jar;D:\mavenrep\org\mapstruct\mapstruct\1.2.0.Final\mapstruct-1.2.0.Final.jar;D:\mavenrep\io\springfox\springfox-bean-validators\2.9.2\springfox-bean-validators-2.9.2.jar;D:\mavenrep\com\github\xiaoymin\knife4j-spring-ui\2.0.2\knife4j-spring-ui-2.0.2.jar;D:\mavenrep\com\alibaba\druid\1.1.8\druid-1.1.8.jar;"/>
    <property name="sun.cpu.endian" value="little"/>
    <property name="user.home" value="C:\Users\Administrator"/>
    <property name="user.language" value="zh"/>
    <property name="java.specification.vendor" value="Oracle Corporation"/>
    <property name="java.home" value="D:\javajdk\jre"/>
    <property name="basedir" value="D:\IdeaProjects\pet-web"/>
    <property name="file.separator" value="\"/>
    <property name="line.separator" value="&#10;"/>
    <property name="java.vm.specification.vendor" value="Oracle Corporation"/>
    <property name="java.specification.name" value="Java Platform API Specification"/>
    <property name="java.awt.graphicsenv" value="sun.awt.Win32GraphicsEnvironment"/>
    <property name="surefire.real.class.path" value="C:\Users\ADMINI~1\AppData\Local\Temp\surefire5164371858715879258\surefirebooter4761367079134767178.jar"/>
    <property name="sun.boot.class.path" value="D:\javajdk\jre\lib\resources.jar;D:\javajdk\jre\lib\rt.jar;D:\javajdk\jre\lib\sunrsasign.jar;D:\javajdk\jre\lib\jsse.jar;D:\javajdk\jre\lib\jce.jar;D:\javajdk\jre\lib\charsets.jar;D:\javajdk\jre\lib\jfr.jar;D:\javajdk\jre\classes"/>
    <property name="user.script" value=""/>
    <property name="sun.management.compiler" value="HotSpot 64-Bit Tiered Compilers"/>
    <property name="java.runtime.version" value="1.8.0_191-b12"/>
    <property name="user.name" value="Administrator"/>
    <property name="path.separator" value=";"/>
    <property name="os.version" value="10.0"/>
    <property name="java.endorsed.dirs" value="D:\javajdk\jre\lib\endorsed"/>
    <property name="java.runtime.name" value="Java(TM) SE Runtime Environment"/>
    <property name="file.encoding" value="GBK"/>
    <property name="java.vm.name" value="Java HotSpot(TM) 64-Bit Server VM"/>
    <property name="localRepository" value="D:\mavenrep"/>
    <property name="java.vendor.url.bug" value="http://bugreport.sun.com/bugreport/"/>
    <property name="java.io.tmpdir" value="C:\Users\ADMINI~1\AppData\Local\Temp\"/>
    <property name="java.version" value="1.8.0_191"/>
    <property name="user.dir" value="D:\IdeaProjects\pet-web"/>
    <property name="os.arch" value="amd64"/>
    <property name="java.vm.specification.name" value="Java Virtual Machine Specification"/>
    <property name="java.awt.printerjob" value="sun.awt.windows.WPrinterJob"/>
    <property name="sun.os.patch.level" value=""/>
    <property name="java.library.path" value="D:\javajdk\jre\bin;C:\Windows\Sun\Java\bin;C:\Windows\system32;C:\Windows;D:\XShell\;D:\Xftp\;C:\Windows\system32;C:\Windows;C:\Windows\System32\Wbem;D:\CodeBlocks\MinGW\bin;C:\Program Files\MySQL\bin;D:\Scala\bin;D:\apache-tomcat-8.5.47\bin;D:\apache-maven-3.6.2\bin;D:\javajdk\bin;D:\Git\cmd;D:\javajdk\jre\bin;D:\nodejs\;D:\nodejs\node_global;C:\Users\Administrator\AppData\Local\Microsoft\WindowsApps;;D:\CLion 2019.2.3\bin;;C:\Users\Administrator\AppData\Roaming\npm;."/>
    <property name="java.vm.info" value="mixed mode"/>
    <property name="java.vendor" value="Oracle Corporation"/>
    <property name="java.vm.version" value="25.191-b12"/>
    <property name="idea.version2019.3" value="true"/>
    <property name="java.ext.dirs" value="D:\javajdk\jre\lib\ext;C:\Windows\Sun\Java\lib\ext"/>
    <property name="sun.io.unicode.encoding" value="UnicodeLittle"/>
    <property name="maven.repo.local" value="D:\mavenrep"/>
    <property name="java.class.version" value="52.0"/>
  </properties>
  <testcase name="contextLoads" classname="com.pet.PetWebApplicationTests" time="0.221"/>
</testsuite>